2023-08-06 03:46:24.888430 - Initialized conversion of CBT382
2023-08-06 03:46:25.205582 - Received CBT.V505.FILE382.PDS from FILE382.XMI 
2023-08-06 03:46:25.207880 - Found $$$#DATE.txt (text/plain) in CBT.V505.FILE382.PDS, moved to PDS/$$$#DATE
2023-08-06 03:46:25.208903 - Found $$DOC.txt (text/plain) in CBT.V505.FILE382.PDS, moved to PDS/$$DOC
2023-08-06 03:46:25.209835 - Found $$NOTE1.txt (text/plain) in CBT.V505.FILE382.PDS, moved to PDS/$$NOTE1
2023-08-06 03:46:25.210732 - Found $$NOTE2.txt (text/plain) in CBT.V505.FILE382.PDS, moved to PDS/$$NOTE2
2023-08-06 03:46:25.211731 - Found $$NOTE3.txt (text/plain) in CBT.V505.FILE382.PDS, moved to PDS/$$NOTE3
2023-08-06 03:46:25.212700 - Found $$TXT.txt (text/plain) in CBT.V505.FILE382.PDS, moved to PDS/$$TXT
2023-08-06 03:46:25.213652 - Found @FILE382.txt (text/plain) in CBT.V505.FILE382.PDS, moved to PDS/@FILE382
2023-08-06 03:46:25.214530 - Found DASD.txt (text/plain) in CBT.V505.FILE382.PDS, moved to PDS/DASD
2023-08-06 03:46:25.215527 - Found DASDSPCE.txt (text/plain) in CBT.V505.FILE382.PDS, moved to PDS/DASDSPCE
2023-08-06 03:46:25.216479 - Found DEBUG.txt (text/plain) in CBT.V505.FILE382.PDS, moved to PDS/DEBUG
2023-08-06 03:46:25.217387 - Found DEBUGDOC.txt (text/plain) in CBT.V505.FILE382.PDS, moved to PDS/DEBUGDOC
2023-08-06 03:46:25.218329 - Found DISASJCL.txt (text/plain) in CBT.V505.FILE382.PDS, moved to PDS/DISASJCL
2023-08-06 03:46:25.219322 - Found DISASMAC.txt (text/plain) in CBT.V505.FILE382.PDS, moved to PDS/DISASMAC
2023-08-06 03:46:25.220482 - Found DISASSRC.txt (text/plain) in CBT.V505.FILE382.PDS, moved to PDS/DISASSRC
2023-08-06 03:46:25.221386 - Found GRS.txt (text/plain) in CBT.V505.FILE382.PDS, moved to PDS/GRS
2023-08-06 03:46:25.222341 - Found IPLBLD00.txt (text/plain) in CBT.V505.FILE382.PDS, moved to PDS/IPLBLD00
2023-08-06 03:46:25.223258 - Found IPLBLD90.jcl (text/plain) in CBT.V505.FILE382.PDS, moved to PDS/IPLBLD90
2023-08-06 03:46:25.224159 - Found IPLBLD91.jcl (text/plain) in CBT.V505.FILE382.PDS, moved to PDS/IPLBLD91
2023-08-06 03:46:25.225031 - Found IPLCOMPR.txt (text/plain) in CBT.V505.FILE382.PDS, moved to PDS/IPLCOMPR
2023-08-06 03:46:25.226001 - Found IPLVOLXP.rexx (text/plain) in CBT.V505.FILE382.PDS, moved to PDS/IPLVOLXP
2023-08-06 03:46:25.226993 - Found ISPFSTAT.txt (text/plain) in CBT.V505.FILE382.PDS, moved to PDS/ISPFSTAT
2023-08-06 03:46:25.228017 - Found LISTDIR.txt (text/plain) in CBT.V505.FILE382.PDS, moved to PDS/LISTDIR
2023-08-06 03:46:25.228979 - Found LISTDIR$.jcl (text/plain) in CBT.V505.FILE382.PDS, moved to PDS/LISTDIR$
2023-08-06 03:46:25.230138 - Found LISTVTO$.jcl (text/plain) in CBT.V505.FILE382.PDS, moved to PDS/LISTVTO$
2023-08-06 03:46:25.231141 - Found LISTVTOC.txt (text/plain) in CBT.V505.FILE382.PDS, moved to PDS/LISTVTOC
2023-08-06 03:46:25.232062 - Found SHELL.txt (text/plain) in CBT.V505.FILE382.PDS, moved to PDS/SHELL
2023-08-06 03:46:25.233017 - Found SYSTEM.txt (text/plain) in CBT.V505.FILE382.PDS, moved to PDS/SYSTEM
2023-08-06 03:46:25.233939 - Found UNLOAD.txt (text/plain) in CBT.V505.FILE382.PDS, moved to PDS/UNLOAD
2023-08-06 03:46:25.234882 - Found UNLOAD$.txt (text/plain) in CBT.V505.FILE382.PDS, moved to PDS/UNLOAD$
